# JRE version: Java(TM) SE Runtime Environment (7.0_79-b15) (build 1.7.0_79-b15)
# Java VM: Java HotSpot(TM) 64-Bit Server VM (24.79-b02 mixed mode linux-amd64 compressed oops)
Heap
 PSYoungGen      total 144384K, used 119854K [0x00000007d6d00000, 0x00000007e0a00000, 0x0000000800000000)
  eden space 129024K, 88% used [0x00000007d6d00000,0x00000007ddcafd80,0x00000007deb00000)
  from space 15360K, 35% used [0x00000007dfb00000,0x00000007e005ba98,0x00000007e0a00000)
  to   space 15872K, 0% used [0x00000007deb00000,0x00000007deb00000,0x00000007dfa80000)
 ParOldGen       total 83968K, used 19985K [0x0000000784800000, 0x0000000789a00000, 0x00000007d6d00000)
  object space 83968K, 23% used [0x0000000784800000,0x0000000785b84618,0x0000000789a00000)
 PSPermGen       total 23040K, used 22569K [0x000000077f600000, 0x0000000780c80000, 0x0000000784800000)
  object space 23040K, 97% used [0x000000077f600000,0x0000000780c0a440,0x0000000780c80000)
GC Heap History (10 events):
Event: 90.116 GC heap before
{Heap before GC invocations=2 (full 0):
 PSYoungGen      total 37376K, used 37355K [0x00000007d6d00000, 0x00000007d9680000, 0x0000000800000000)
  eden space 32256K, 100% used [0x00000007d6d00000,0x00000007d8c80000,0x00000007d8c80000)
  from space 5120K, 99% used [0x00000007d8c80000,0x00000007d917ad18,0x00000007d9180000)
  to   space 5120K, 0% used [0x00000007d9180000,0x00000007d9180000,0x00000007d9680000)
 ParOldGen       total 83968K, used 8086K [0x0000000784800000, 0x0000000789a00000, 0x00000007d6d00000)
  object space 83968K, 9% used [0x0000000784800000,0x0000000784fe59f8,0x0000000789a00000)
 PSPermGen       total 22016K, used 21559K [0x000000077f600000, 0x0000000780b80000, 0x0000000784800000)
  object space 22016K, 97% used [0x000000077f600000,0x0000000780b0dc98,0x0000000780b80000)
Event: 90.129 GC heap after
Heap after GC invocations=2 (full 0):
 PSYoungGen      total 37376K, used 5096K [0x00000007d6d00000, 0x00000007d9680000, 0x0000000800000000)
  eden space 32256K, 0% used [0x00000007d6d00000,0x00000007d6d00000,0x00000007d8c80000)
  from space 5120K, 99% used [0x00000007d9180000,0x00000007d967a360,0x00000007d9680000)
  to   space 5120K, 0% used [0x00000007d8c80000,0x00000007d8c80000,0x00000007d9180000)
 ParOldGen       total 83968K, used 15864K [0x0000000784800000, 0x0000000789a00000, 0x00000007d6d00000)
  object space 83968K, 18% used [0x0000000784800000,0x000000078577e368,0x0000000789a00000)
 PSPermGen       total 22016K, used 21559K [0x000000077f600000, 0x0000000780b80000, 0x0000000784800000)
  object space 22016K, 97% used [0x000000077f600000,0x0000000780b0dc98,0x0000000780b80000)
}
Event: 90.490 GC heap before
{Heap before GC invocations=3 (full 0):
 PSYoungGen      total 37376K, used 37319K [0x00000007d6d00000, 0x00000007d9680000, 0x0000000800000000)
  eden space 32256K, 99% used [0x00000007d6d00000,0x00000007d8c779f0,0x00000007d8c80000)
  from space 5120K, 99% used [0x00000007d9180000,0x00000007d967a360,0x00000007d9680000)
  to   space 5120K, 0% used [0x00000007d8c80000,0x00000007d8c80000,0x00000007d9180000)
 ParOldGen       total 83968K, used 15864K [0x0000000784800000, 0x0000000789a00000, 0x00000007d6d00000)
  object space 83968K, 18% used [0x0000000784800000,0x000000078577e368,0x0000000789a00000)
 PSPermGen       total 22528K, used 22387K [0x000000077f600000, 0x0000000780c00000, 0x0000000784800000)
  object space 22528K, 99% used [0x000000077f600000,0x0000000780bdccb8,0x0000000780c00000)
Event: 90.502 GC heap after
Heap after GC invocations=3 (full 0):
 PSYoungGen      total 37376K, used 5115K [0x00000007d6d00000, 0x00000007db600000, 0x0000000800000000)
  eden space 32256K, 0% used [0x00000007d6d00000,0x00000007d6d00000,0x00000007d8c80000)
  from space 5120K, 99% used [0x00000007d8c80000,0x00000007d917edd8,0x00000007d9180000)
  to   space 5120K, 0% used [0x00000007db100000,0x00000007db100000,0x00000007db600000)
 ParOldGen       total 83968K, used 19571K [0x0000000784800000, 0x0000000789a00000, 0x00000007d6d00000)
  object space 83968K, 23% used [0x0000000784800000,0x0000000785b1ce20,0x0000000789a00000)
 PSPermGen       total 22528K, used 22387K [0x000000077f600000, 0x0000000780c00000, 0x0000000784800000)
  object space 22528K, 99% used [0x000000077f600000,0x0000000780bdccb8,0x0000000780c00000)
}
Event: 90.530 GC heap before
{Heap before GC invocations=4 (full 0):
 PSYoungGen      total 37376K, used 37371K [0x00000007d6d00000, 0x00000007db600000, 0x0000000800000000)
  eden space 32256K, 100% used [0x00000007d6d00000,0x00000007d8c80000,0x00000007d8c80000)
  from space 5120K, 99% used [0x00000007d8c80000,0x00000007d917edd8,0x00000007d9180000)
  to   space 5120K, 0% used [0x00000007db100000,0x00000007db100000,0x00000007db600000)
 ParOldGen       total 83968K, used 19571K [0x0000000784800000, 0x0000000789a00000, 0x00000007d6d00000)
  object space 83968K, 23% used [0x0000000784800000,0x0000000785b1ce20,0x0000000789a00000)
 PSPermGen       total 22528K, used 22388K [0x000000077f600000, 0x0000000780c00000, 0x0000000784800000)
  object space 22528K, 99% used [0x000000077f600000,0x0000000780bdd250,0x0000000780c00000)
Event: 90.542 GC heap after
Heap after GC invocations=4 (full 0):
 PSYoungGen      total 69632K, used 5117K [0x00000007d6d00000, 0x00000007db600000, 0x0000000800000000)
  eden space 64512K, 0% used [0x00000007d6d00000,0x00000007d6d00000,0x00000007dac00000)
  from space 5120K, 99% used [0x00000007db100000,0x00000007db5ff5e8,0x00000007db600000)
  to   space 5120K, 0% used [0x00000007dac00000,0x00000007dac00000,0x00000007db100000)
 ParOldGen       total 83968K, used 19827K [0x0000000784800000, 0x0000000789a00000, 0x00000007d6d00000)
  object space 83968K, 23% used [0x0000000784800000,0x0000000785b5cdb8,0x0000000789a00000)
 PSPermGen       total 22528K, used 22388K [0x000000077f600000, 0x0000000780c00000, 0x0000000784800000)
  object space 22528K, 99% used [0x000000077f600000,0x0000000780bdd250,0x0000000780c00000)
}
Event: 90.568 GC heap before
{Heap before GC invocations=5 (full 0):
 PSYoungGen      total 69632K, used 69624K [0x00000007d6d00000, 0x00000007db600000, 0x0000000800000000)
  eden space 64512K, 99% used [0x00000007d6d00000,0x00000007dabfeac0,0x00000007dac00000)
  from space 5120K, 99% used [0x00000007db100000,0x00000007db5ff5e8,0x00000007db600000)
  to   space 5120K, 0% used [0x00000007dac00000,0x00000007dac00000,0x00000007db100000)
 ParOldGen       total 83968K, used 19827K [0x0000000784800000, 0x0000000789a00000, 0x00000007d6d00000)
  object space 83968K, 23% used [0x0000000784800000,0x0000000785b5cdb8,0x0000000789a00000)
 PSPermGen       total 22528K, used 22388K [0x000000077f600000, 0x0000000780c00000, 0x0000000784800000)
  object space 22528K, 99% used [0x000000077f600000,0x0000000780bdd250,0x0000000780c00000)
Event: 90.577 GC heap after
Heap after GC invocations=5 (full 0):
 PSYoungGen      total 69632K, used 5117K [0x00000007d6d00000, 0x00000007e0b00000, 0x0000000800000000)
  eden space 64512K, 0% used [0x00000007d6d00000,0x00000007d6d00000,0x00000007dac00000)
  from space 5120K, 99% used [0x00000007dac00000,0x00000007db0ff608,0x00000007db100000)
  to   space 16384K, 0% used [0x00000007dfb00000,0x00000007dfb00000,0x00000007e0b00000)
 ParOldGen       total 83968K, used 19985K [0x0000000784800000, 0x0000000789a00000, 0x00000007d6d00000)
  object space 83968K, 23% used [0x0000000784800000,0x0000000785b84618,0x0000000789a00000)
 PSPermGen       total 22528K, used 22388K [0x000000077f600000, 0x0000000780c00000, 0x0000000784800000)
  object space 22528K, 99% used [0x000000077f600000,0x0000000780bdd250,0x0000000780c00000)
}
Event: 90.593 GC heap before
{Heap before GC invocations=6 (full 0):
 PSYoungGen      total 69632K, used 69597K [0x00000007d6d00000, 0x00000007e0b00000, 0x0000000800000000)
  eden space 64512K, 99% used [0x00000007d6d00000,0x00000007dabf7e08,0x00000007dac00000)
  from space 5120K, 99% used [0x00000007dac00000,0x00000007db0ff608,0x00000007db100000)
  to   space 16384K, 0% used [0x00000007dfb00000,0x00000007dfb00000,0x00000007e0b00000)
 ParOldGen       total 83968K, used 19985K [0x0000000784800000, 0x0000000789a00000, 0x00000007d6d00000)
  object space 83968K, 23% used [0x0000000784800000,0x0000000785b84618,0x0000000789a00000)
 PSPermGen       total 22528K, used 22388K [0x000000077f600000, 0x0000000780c00000, 0x0000000784800000)
  object space 22528K, 99% used [0x000000077f600000,0x0000000780bdd250,0x0000000780c00000)
Event: 90.603 GC heap after
Heap after GC invocations=6 (full 0):
 PSYoungGen      total 144384K, used 5486K [0x00000007d6d00000, 0x00000007e0a00000, 0x0000000800000000)
  eden space 129024K, 0% used [0x00000007d6d00000,0x00000007d6d00000,0x00000007deb00000)
  from space 15360K, 35% used [0x00000007dfb00000,0x00000007e005ba98,0x00000007e0a00000)
  to   space 15872K, 0% used [0x00000007deb00000,0x00000007deb00000,0x00000007dfa80000)
 ParOldGen       total 83968K, used 19985K [0x0000000784800000, 0x0000000789a00000, 0x00000007d6d00000)
  object space 83968K, 23% used [0x0000000784800000,0x0000000785b84618,0x0000000789a00000)
 PSPermGen       total 22528K, used 22388K [0x000000077f600000, 0x0000000780c00000, 0x0000000784800000)
  object space 22528K, 99% used [0x000000077f600000,0x0000000780bdd250,0x0000000780c00000)
}

