# JRE version: Java(TM) SE Runtime Environment (7.0_79-b15) (build 1.7.0_79-b15)
# Java VM: Java HotSpot(TM) 64-Bit Server VM (24.79-b02 mixed mode linux-amd64 compressed oops)
Heap
 PSYoungGen      total 142848K, used 87432K [0x00000007d6d00000, 0x00000007e5200000, 0x0000000800000000)
  eden space 128512K, 67% used [0x00000007d6d00000,0x00000007dc165168,0x00000007dea80000)
  from space 14336K, 7% used [0x00000007dea80000,0x00000007deb7d148,0x00000007df880000)
  to   space 14336K, 0% used [0x00000007e4400000,0x00000007e4400000,0x00000007e5200000)
 ParOldGen       total 83968K, used 21259K [0x0000000784800000, 0x0000000789a00000, 0x00000007d6d00000)
  object space 83968K, 25% used [0x0000000784800000,0x0000000785cc2cb8,0x0000000789a00000)
 PSPermGen       total 22528K, used 22340K [0x000000077f600000, 0x0000000780c00000, 0x0000000784800000)
  object space 22528K, 99% used [0x000000077f600000,0x0000000780bd13d0,0x0000000780c00000)
GC Heap History (10 events):
Event: 2710.856 GC heap before
{Heap before GC invocations=5 (full 0):
 PSYoungGen      total 37376K, used 37353K [0x00000007d6d00000, 0x00000007db600000, 0x0000000800000000)
  eden space 32256K, 99% used [0x00000007d6d00000,0x00000007d8c7d258,0x00000007d8c80000)
  from space 5120K, 99% used [0x00000007d9180000,0x00000007d967d590,0x00000007d9680000)
  to   space 5120K, 0% used [0x00000007d8c80000,0x00000007d8c80000,0x00000007d9180000)
 ParOldGen       total 83968K, used 13916K [0x0000000784800000, 0x0000000789a00000, 0x00000007d6d00000)
  object space 83968K, 16% used [0x0000000784800000,0x0000000785597350,0x0000000789a00000)
 PSPermGen       total 22528K, used 22058K [0x000000077f600000, 0x0000000780c00000, 0x0000000784800000)
  object space 22528K, 97% used [0x000000077f600000,0x0000000780b8a900,0x0000000780c00000)
Event: 2710.862 GC heap after
Heap after GC invocations=5 (full 0):
 PSYoungGen      total 37376K, used 5092K [0x00000007d6d00000, 0x00000007dc600000, 0x0000000800000000)
  eden space 32256K, 0% used [0x00000007d6d00000,0x00000007d6d00000,0x00000007d8c80000)
  from space 5120K, 99% used [0x00000007d8c80000,0x00000007d9179340,0x00000007d9180000)
  to   space 13312K, 0% used [0x00000007db900000,0x00000007db900000,0x00000007dc600000)
 ParOldGen       total 83968K, used 14441K [0x0000000784800000, 0x0000000789a00000, 0x00000007d6d00000)
  object space 83968K, 17% used [0x0000000784800000,0x000000078561a780,0x0000000789a00000)
 PSPermGen       total 22528K, used 22058K [0x000000077f600000, 0x0000000780c00000, 0x0000000784800000)
  object space 22528K, 97% used [0x000000077f600000,0x0000000780b8a900,0x0000000780c00000)
}
Event: 2710.867 GC heap before
{Heap before GC invocations=6 (full 0):
 PSYoungGen      total 37376K, used 37331K [0x00000007d6d00000, 0x00000007dc600000, 0x0000000800000000)
  eden space 32256K, 99% used [0x00000007d6d00000,0x00000007d8c7b8f0,0x00000007d8c80000)
  from space 5120K, 99% used [0x00000007d8c80000,0x00000007d9179340,0x00000007d9180000)
  to   space 13312K, 0% used [0x00000007db900000,0x00000007db900000,0x00000007dc600000)
 ParOldGen       total 83968K, used 14441K [0x0000000784800000, 0x0000000789a00000, 0x00000007d6d00000)
  object space 83968K, 17% used [0x0000000784800000,0x000000078561a780,0x0000000789a00000)
 PSPermGen       total 22528K, used 22058K [0x000000077f600000, 0x0000000780c00000, 0x0000000784800000)
  object space 22528K, 97% used [0x000000077f600000,0x0000000780b8a900,0x0000000780c00000)
Event: 2710.873 GC heap after
Heap after GC invocations=6 (full 0):
 PSYoungGen      total 77824K, used 5261K [0x00000007d6d00000, 0x00000007dc600000, 0x0000000800000000)
  eden space 64512K, 0% used [0x00000007d6d00000,0x00000007d6d00000,0x00000007dac00000)
  from space 13312K, 39% used [0x00000007db900000,0x00000007dbe23450,0x00000007dc600000)
  to   space 13312K, 0% used [0x00000007dac00000,0x00000007dac00000,0x00000007db900000)
 ParOldGen       total 83968K, used 14441K [0x0000000784800000, 0x0000000789a00000, 0x00000007d6d00000)
  object space 83968K, 17% used [0x0000000784800000,0x000000078561a780,0x0000000789a00000)
 PSPermGen       total 22528K, used 22058K [0x000000077f600000, 0x0000000780c00000, 0x0000000784800000)
  object space 22528K, 97% used [0x000000077f600000,0x0000000780b8a900,0x0000000780c00000)
}
Event: 2710.886 GC heap before
{Heap before GC invocations=7 (full 0):
 PSYoungGen      total 77824K, used 69724K [0x00000007d6d00000, 0x00000007dc600000, 0x0000000800000000)
  eden space 64512K, 99% used [0x00000007d6d00000,0x00000007dabf3da8,0x00000007dac00000)
  from space 13312K, 39% used [0x00000007db900000,0x00000007dbe23450,0x00000007dc600000)
  to   space 13312K, 0% used [0x00000007dac00000,0x00000007dac00000,0x00000007db900000)
 ParOldGen       total 83968K, used 14441K [0x0000000784800000, 0x0000000789a00000, 0x00000007d6d00000)
  object space 83968K, 17% used [0x0000000784800000,0x000000078561a780,0x0000000789a00000)
 PSPermGen       total 22528K, used 22058K [0x000000077f600000, 0x0000000780c00000, 0x0000000784800000)
  object space 22528K, 97% used [0x000000077f600000,0x0000000780b8a900,0x0000000780c00000)
Event: 2710.895 GC heap after
Heap after GC invocations=7 (full 0):
 PSYoungGen      total 77824K, used 2561K [0x00000007d6d00000, 0x00000007e0600000, 0x0000000800000000)
  eden space 64512K, 0% used [0x00000007d6d00000,0x00000007d6d00000,0x00000007dac00000)
  from space 13312K, 19% used [0x00000007dac00000,0x00000007dae805e0,0x00000007db900000)
  to   space 13824K, 0% used [0x00000007df880000,0x00000007df880000,0x00000007e0600000)
 ParOldGen       total 83968K, used 17304K [0x0000000784800000, 0x0000000789a00000, 0x00000007d6d00000)
  object space 83968K, 20% used [0x0000000784800000,0x00000007858e63f8,0x0000000789a00000)
 PSPermGen       total 22528K, used 22058K [0x000000077f600000, 0x0000000780c00000, 0x0000000784800000)
  object space 22528K, 97% used [0x000000077f600000,0x0000000780b8a900,0x0000000780c00000)
}
Event: 2710.918 GC heap before
{Heap before GC invocations=8 (full 0):
 PSYoungGen      total 77824K, used 67058K [0x00000007d6d00000, 0x00000007e0600000, 0x0000000800000000)
  eden space 64512K, 99% used [0x00000007d6d00000,0x00000007dabfc5b8,0x00000007dac00000)
  from space 13312K, 19% used [0x00000007dac00000,0x00000007dae805e0,0x00000007db900000)
  to   space 13824K, 0% used [0x00000007df880000,0x00000007df880000,0x00000007e0600000)
 ParOldGen       total 83968K, used 17304K [0x0000000784800000, 0x0000000789a00000, 0x00000007d6d00000)
  object space 83968K, 20% used [0x0000000784800000,0x00000007858e63f8,0x0000000789a00000)
 PSPermGen       total 22528K, used 22063K [0x000000077f600000, 0x0000000780c00000, 0x0000000784800000)
  object space 22528K, 97% used [0x000000077f600000,0x0000000780b8bc88,0x0000000780c00000)
Event: 2710.925 GC heap after
Heap after GC invocations=8 (full 0):
 PSYoungGen      total 142336K, used 452K [0x00000007d6d00000, 0x00000007e0700000, 0x0000000800000000)
  eden space 128512K, 0% used [0x00000007d6d00000,0x00000007d6d00000,0x00000007dea80000)
  from space 13824K, 3% used [0x00000007df880000,0x00000007df8f1258,0x00000007e0600000)
  to   space 14336K, 0% used [0x00000007dea80000,0x00000007dea80000,0x00000007df880000)
 ParOldGen       total 83968K, used 21171K [0x0000000784800000, 0x0000000789a00000, 0x00000007d6d00000)
  object space 83968K, 25% used [0x0000000784800000,0x0000000785cacef8,0x0000000789a00000)
 PSPermGen       total 22528K, used 22063K [0x000000077f600000, 0x0000000780c00000, 0x0000000784800000)
  object space 22528K, 97% used [0x000000077f600000,0x0000000780b8bc88,0x0000000780c00000)
}
Event: 2711.035 GC heap before
{Heap before GC invocations=9 (full 0):
 PSYoungGen      total 142336K, used 128911K [0x00000007d6d00000, 0x00000007e0700000, 0x0000000800000000)
  eden space 128512K, 99% used [0x00000007d6d00000,0x00000007dea72cd8,0x00000007dea80000)
  from space 13824K, 3% used [0x00000007df880000,0x00000007df8f1258,0x00000007e0600000)
  to   space 14336K, 0% used [0x00000007dea80000,0x00000007dea80000,0x00000007df880000)
 ParOldGen       total 83968K, used 21171K [0x0000000784800000, 0x0000000789a00000, 0x00000007d6d00000)
  object space 83968K, 25% used [0x0000000784800000,0x0000000785cacef8,0x0000000789a00000)
 PSPermGen       total 22528K, used 22070K [0x000000077f600000, 0x0000000780c00000, 0x0000000784800000)
  object space 22528K, 97% used [0x000000077f600000,0x0000000780b8dbb8,0x0000000780c00000)
Event: 2711.037 GC heap after
Heap after GC invocations=9 (full 0):
 PSYoungGen      total 142848K, used 1012K [0x00000007d6d00000, 0x00000007e5200000, 0x0000000800000000)
  eden space 128512K, 0% used [0x00000007d6d00000,0x00000007d6d00000,0x00000007dea80000)
  from space 14336K, 7% used [0x00000007dea80000,0x00000007deb7d148,0x00000007df880000)
  to   space 14336K, 0% used [0x00000007e4400000,0x00000007e4400000,0x00000007e5200000)
 ParOldGen       total 83968K, used 21259K [0x0000000784800000, 0x0000000789a00000, 0x00000007d6d00000)
  object space 83968K, 25% used [0x0000000784800000,0x0000000785cc2cb8,0x0000000789a00000)
 PSPermGen       total 22528K, used 22070K [0x000000077f600000, 0x0000000780c00000, 0x0000000784800000)
  object space 22528K, 97% used [0x000000077f600000,0x0000000780b8dbb8,0x0000000780c00000)
}

