# JRE version: Java(TM) SE Runtime Environment (7.0_79-b15) (build 1.7.0_79-b15)
# Java VM: Java HotSpot(TM) 64-Bit Server VM (24.79-b02 mixed mode linux-amd64 compressed oops)
Heap
 PSYoungGen      total 37376K, used 22968K [0x00000007d6d00000, 0x00000007dc300000, 0x0000000800000000)
  eden space 32256K, 55% used [0x00000007d6d00000,0x00000007d7e76148,0x00000007d8c80000)
  from space 5120K, 99% used [0x00000007d8c80000,0x00000007d9178020,0x00000007d9180000)
  to   space 11776K, 0% used [0x00000007db780000,0x00000007db780000,0x00000007dc300000)
 ParOldGen       total 83968K, used 14706K [0x0000000784800000, 0x0000000789a00000, 0x00000007d6d00000)
  object space 83968K, 17% used [0x0000000784800000,0x000000078565c870,0x0000000789a00000)
 PSPermGen       total 23040K, used 22561K [0x000000077f600000, 0x0000000780c80000, 0x0000000784800000)
  object space 23040K, 97% used [0x000000077f600000,0x0000000780c08570,0x0000000780c80000)
GC Heap History (10 events):
Event: 3.313 GC heap before
{Heap before GC invocations=1 (full 0):
 PSYoungGen      total 37376K, used 30817K [0x00000007d6d00000, 0x00000007d9680000, 0x0000000800000000)
  eden space 32256K, 95% used [0x00000007d6d00000,0x00000007d8b18508,0x00000007d8c80000)
  from space 5120K, 0% used [0x00000007d9180000,0x00000007d9180000,0x00000007d9680000)
  to   space 5120K, 0% used [0x00000007d8c80000,0x00000007d8c80000,0x00000007d9180000)
 ParOldGen       total 83968K, used 0K [0x0000000784800000, 0x0000000789a00000, 0x00000007d6d00000)
  object space 83968K, 0% used [0x0000000784800000,0x0000000784800000,0x0000000789a00000)
 PSPermGen       total 21504K, used 14862K [0x000000077f600000, 0x0000000780b00000, 0x0000000784800000)
  object space 21504K, 69% used [0x000000077f600000,0x0000000780483998,0x0000000780b00000)
Event: 3.321 GC heap after
Heap after GC invocations=1 (full 0):
 PSYoungGen      total 37376K, used 5118K [0x00000007d6d00000, 0x00000007d9680000, 0x0000000800000000)
  eden space 32256K, 0% used [0x00000007d6d00000,0x00000007d6d00000,0x00000007d8c80000)
  from space 5120K, 99% used [0x00000007d8c80000,0x00000007d917f968,0x00000007d9180000)
  to   space 5120K, 0% used [0x00000007d9180000,0x00000007d9180000,0x00000007d9680000)
 ParOldGen       total 83968K, used 1745K [0x0000000784800000, 0x0000000789a00000, 0x00000007d6d00000)
  object space 83968K, 2% used [0x0000000784800000,0x00000007849b4458,0x0000000789a00000)
 PSPermGen       total 21504K, used 14862K [0x000000077f600000, 0x0000000780b00000, 0x0000000784800000)
  object space 21504K, 69% used [0x000000077f600000,0x0000000780483998,0x0000000780b00000)
}
Event: 81.643 GC heap before
{Heap before GC invocations=2 (full 0):
 PSYoungGen      total 37376K, used 37374K [0x00000007d6d00000, 0x00000007d9680000, 0x0000000800000000)
  eden space 32256K, 100% used [0x00000007d6d00000,0x00000007d8c80000,0x00000007d8c80000)
  from space 5120K, 99% used [0x00000007d8c80000,0x00000007d917f968,0x00000007d9180000)
  to   space 5120K, 0% used [0x00000007d9180000,0x00000007d9180000,0x00000007d9680000)
 ParOldGen       total 83968K, used 1745K [0x0000000784800000, 0x0000000789a00000, 0x00000007d6d00000)
  object space 83968K, 2% used [0x0000000784800000,0x00000007849b4458,0x0000000789a00000)
 PSPermGen       total 21504K, used 17390K [0x000000077f600000, 0x0000000780b00000, 0x0000000784800000)
  object space 21504K, 80% used [0x000000077f600000,0x00000007806fb890,0x0000000780b00000)
Event: 81.659 GC heap after
Heap after GC invocations=2 (full 0):
 PSYoungGen      total 37376K, used 5115K [0x00000007d6d00000, 0x00000007d9680000, 0x0000000800000000)
  eden space 32256K, 0% used [0x00000007d6d00000,0x00000007d6d00000,0x00000007d8c80000)
  from space 5120K, 99% used [0x00000007d9180000,0x00000007d967ed28,0x00000007d9680000)
  to   space 5120K, 0% used [0x00000007d8c80000,0x00000007d8c80000,0x00000007d9180000)
 ParOldGen       total 83968K, used 5075K [0x0000000784800000, 0x0000000789a00000, 0x00000007d6d00000)
  object space 83968K, 6% used [0x0000000784800000,0x0000000784cf4fe0,0x0000000789a00000)
 PSPermGen       total 21504K, used 17390K [0x000000077f600000, 0x0000000780b00000, 0x0000000784800000)
  object space 21504K, 80% used [0x000000077f600000,0x00000007806fb890,0x0000000780b00000)
}
Event: 89.480 GC heap before
{Heap before GC invocations=3 (full 0):
 PSYoungGen      total 37376K, used 37371K [0x00000007d6d00000, 0x00000007d9680000, 0x0000000800000000)
  eden space 32256K, 100% used [0x00000007d6d00000,0x00000007d8c80000,0x00000007d8c80000)
  from space 5120K, 99% used [0x00000007d9180000,0x00000007d967ed28,0x00000007d9680000)
  to   space 5120K, 0% used [0x00000007d8c80000,0x00000007d8c80000,0x00000007d9180000)
 ParOldGen       total 83968K, used 5075K [0x0000000784800000, 0x0000000789a00000, 0x00000007d6d00000)
  object space 83968K, 6% used [0x0000000784800000,0x0000000784cf4fe0,0x0000000789a00000)
 PSPermGen       total 21504K, used 19902K [0x000000077f600000, 0x0000000780b00000, 0x0000000784800000)
  object space 21504K, 92% used [0x000000077f600000,0x000000078096f9a0,0x0000000780b00000)
Event: 89.490 GC heap after
Heap after GC invocations=3 (full 0):
 PSYoungGen      total 37376K, used 5109K [0x00000007d6d00000, 0x00000007d9680000, 0x0000000800000000)
  eden space 32256K, 0% used [0x00000007d6d00000,0x00000007d6d00000,0x00000007d8c80000)
  from space 5120K, 99% used [0x00000007d8c80000,0x00000007d917d538,0x00000007d9180000)
  to   space 5120K, 0% used [0x00000007d9180000,0x00000007d9180000,0x00000007d9680000)
 ParOldGen       total 83968K, used 10232K [0x0000000784800000, 0x0000000789a00000, 0x00000007d6d00000)
  object space 83968K, 12% used [0x0000000784800000,0x00000007851fe298,0x0000000789a00000)
 PSPermGen       total 21504K, used 19902K [0x000000077f600000, 0x0000000780b00000, 0x0000000784800000)
  object space 21504K, 92% used [0x000000077f600000,0x000000078096f9a0,0x0000000780b00000)
}
Event: 90.863 GC heap before
{Heap before GC invocations=4 (full 0):
 PSYoungGen      total 37376K, used 37365K [0x00000007d6d00000, 0x00000007d9680000, 0x0000000800000000)
  eden space 32256K, 100% used [0x00000007d6d00000,0x00000007d8c80000,0x00000007d8c80000)
  from space 5120K, 99% used [0x00000007d8c80000,0x00000007d917d538,0x00000007d9180000)
  to   space 5120K, 0% used [0x00000007d9180000,0x00000007d9180000,0x00000007d9680000)
 ParOldGen       total 83968K, used 10232K [0x0000000784800000, 0x0000000789a00000, 0x00000007d6d00000)
  object space 83968K, 12% used [0x0000000784800000,0x00000007851fe298,0x0000000789a00000)
 PSPermGen       total 22528K, used 22343K [0x000000077f600000, 0x0000000780c00000, 0x0000000784800000)
  object space 22528K, 99% used [0x000000077f600000,0x0000000780bd1d30,0x0000000780c00000)
Event: 90.872 GC heap after
Heap after GC invocations=4 (full 0):
 PSYoungGen      total 37376K, used 5106K [0x00000007d6d00000, 0x00000007d9680000, 0x0000000800000000)
  eden space 32256K, 0% used [0x00000007d6d00000,0x00000007d6d00000,0x00000007d8c80000)
  from space 5120K, 99% used [0x00000007d9180000,0x00000007d967c990,0x00000007d9680000)
  to   space 5120K, 0% used [0x00000007d8c80000,0x00000007d8c80000,0x00000007d9180000)
 ParOldGen       total 83968K, used 14467K [0x0000000784800000, 0x0000000789a00000, 0x00000007d6d00000)
  object space 83968K, 17% used [0x0000000784800000,0x0000000785620c10,0x0000000789a00000)
 PSPermGen       total 22528K, used 22343K [0x000000077f600000, 0x0000000780c00000, 0x0000000784800000)
  object space 22528K, 99% used [0x000000077f600000,0x0000000780bd1d30,0x0000000780c00000)
}
Event: 90.882 GC heap before
{Heap before GC invocations=5 (full 0):
 PSYoungGen      total 37376K, used 37321K [0x00000007d6d00000, 0x00000007d9680000, 0x0000000800000000)
  eden space 32256K, 99% used [0x00000007d6d00000,0x00000007d8c75b98,0x00000007d8c80000)
  from space 5120K, 99% used [0x00000007d9180000,0x00000007d967c990,0x00000007d9680000)
  to   space 5120K, 0% used [0x00000007d8c80000,0x00000007d8c80000,0x00000007d9180000)
 ParOldGen       total 83968K, used 14467K [0x0000000784800000, 0x0000000789a00000, 0x00000007d6d00000)
  object space 83968K, 17% used [0x0000000784800000,0x0000000785620c10,0x0000000789a00000)
 PSPermGen       total 22528K, used 22343K [0x000000077f600000, 0x0000000780c00000, 0x0000000784800000)
  object space 22528K, 99% used [0x000000077f600000,0x0000000780bd1d30,0x0000000780c00000)
Event: 90.892 GC heap after
Heap after GC invocations=5 (full 0):
 PSYoungGen      total 37376K, used 5088K [0x00000007d6d00000, 0x00000007dc300000, 0x0000000800000000)
  eden space 32256K, 0% used [0x00000007d6d00000,0x00000007d6d00000,0x00000007d8c80000)
  from space 5120K, 99% used [0x00000007d8c80000,0x00000007d9178020,0x00000007d9180000)
  to   space 11776K, 0% used [0x00000007db780000,0x00000007db780000,0x00000007dc300000)
 ParOldGen       total 83968K, used 14706K [0x0000000784800000, 0x0000000789a00000, 0x00000007d6d00000)
  object space 83968K, 17% used [0x0000000784800000,0x000000078565c870,0x0000000789a00000)
 PSPermGen       total 22528K, used 22343K [0x000000077f600000, 0x0000000780c00000, 0x0000000784800000)
  object space 22528K, 99% used [0x000000077f600000,0x0000000780bd1d30,0x0000000780c00000)
}

