# JRE version: Java(TM) SE Runtime Environment (7.0_79-b15) (build 1.7.0_79-b15)
# Java VM: Java HotSpot(TM) 64-Bit Server VM (24.79-b02 mixed mode linux-amd64 compressed oops)
Heap
 PSYoungGen      total 50176K, used 23716K [0x00000000faa80000, 0x00000000ff080000, 0x0000000100000000)
  eden space 31744K, 72% used [0x00000000faa80000,0x00000000fc0fda28,0x00000000fc980000)
  from space 18432K, 3% used [0x00000000fde80000,0x00000000fdf2b798,0x00000000ff080000)
  to   space 19968K, 0% used [0x00000000fc980000,0x00000000fc980000,0x00000000fdd00000)
 ParOldGen       total 83968K, used 52891K [0x00000000f0000000, 0x00000000f5200000, 0x00000000faa80000)
  object space 83968K, 62% used [0x00000000f0000000,0x00000000f33a6cd8,0x00000000f5200000)
 PSPermGen       total 35328K, used 35273K [0x00000000eae00000, 0x00000000ed080000, 0x00000000f0000000)
  object space 35328K, 99% used [0x00000000eae00000,0x00000000ed072628,0x00000000ed080000)
GC Heap History (10 events):
Event: 1618.607 GC heap before
{Heap before GC invocations=14 (full 0):
 PSYoungGen      total 34816K, used 34800K [0x00000000faa80000, 0x00000000ffb00000, 0x0000000100000000)
  eden space 34304K, 100% used [0x00000000faa80000,0x00000000fcc00000,0x00000000fcc00000)
  from space 512K, 96% used [0x00000000fcc80000,0x00000000fccfc010,0x00000000fcd00000)
  to   space 24064K, 0% used [0x00000000fe380000,0x00000000fe380000,0x00000000ffb00000)
 ParOldGen       total 83968K, used 52409K [0x00000000f0000000, 0x00000000f5200000, 0x00000000faa80000)
  object space 83968K, 62% used [0x00000000f0000000,0x00000000f332e528,0x00000000f5200000)
 PSPermGen       total 34816K, used 34720K [0x00000000eae00000, 0x00000000ed000000, 0x00000000f0000000)
  object space 34816K, 99% used [0x00000000eae00000,0x00000000ecfe80d0,0x00000000ed000000)
Event: 1618.611 GC heap after
Heap after GC invocations=14 (full 0):
 PSYoungGen      total 56320K, used 416K [0x00000000faa80000, 0x00000000ff980000, 0x0000000100000000)
  eden space 33792K, 0% used [0x00000000faa80000,0x00000000faa80000,0x00000000fcb80000)
  from space 22528K, 1% used [0x00000000fe380000,0x00000000fe3e8000,0x00000000ff980000)
  to   space 23552K, 0% used [0x00000000fcb80000,0x00000000fcb80000,0x00000000fe280000)
 ParOldGen       total 83968K, used 52521K [0x00000000f0000000, 0x00000000f5200000, 0x00000000faa80000)
  object space 83968K, 62% used [0x00000000f0000000,0x00000000f334a588,0x00000000f5200000)
 PSPermGen       total 34816K, used 34720K [0x00000000eae00000, 0x00000000ed000000, 0x00000000f0000000)
  object space 34816K, 99% used [0x00000000eae00000,0x00000000ecfe80d0,0x00000000ed000000)
}
Event: 1781.161 GC heap before
{Heap before GC invocations=15 (full 0):
 PSYoungGen      total 56320K, used 34181K [0x00000000faa80000, 0x00000000ff980000, 0x0000000100000000)
  eden space 33792K, 99% used [0x00000000faa80000,0x00000000fcb79760,0x00000000fcb80000)
  from space 22528K, 1% used [0x00000000fe380000,0x00000000fe3e8000,0x00000000ff980000)
  to   space 23552K, 0% used [0x00000000fcb80000,0x00000000fcb80000,0x00000000fe280000)
 ParOldGen       total 83968K, used 52521K [0x00000000f0000000, 0x00000000f5200000, 0x00000000faa80000)
  object space 83968K, 62% used [0x00000000f0000000,0x00000000f334a588,0x00000000f5200000)
 PSPermGen       total 35328K, used 34881K [0x00000000eae00000, 0x00000000ed080000, 0x00000000f0000000)
  object space 35328K, 98% used [0x00000000eae00000,0x00000000ed010708,0x00000000ed080000)
Event: 1781.163 GC heap after
Heap after GC invocations=15 (full 0):
 PSYoungGen      total 34304K, used 592K [0x00000000faa80000, 0x00000000ff700000, 0x0000000100000000)
  eden space 33280K, 0% used [0x00000000faa80000,0x00000000faa80000,0x00000000fcb00000)
  from space 1024K, 57% used [0x00000000fcb80000,0x00000000fcc14010,0x00000000fcc80000)
  to   space 22528K, 0% used [0x00000000fe100000,0x00000000fe100000,0x00000000ff700000)
 ParOldGen       total 83968K, used 52577K [0x00000000f0000000, 0x00000000f5200000, 0x00000000faa80000)
  object space 83968K, 62% used [0x00000000f0000000,0x00000000f3358598,0x00000000f5200000)
 PSPermGen       total 35328K, used 34881K [0x00000000eae00000, 0x00000000ed080000, 0x00000000f0000000)
  object space 35328K, 98% used [0x00000000eae00000,0x00000000ed010708,0x00000000ed080000)
}
Event: 1851.142 GC heap before
{Heap before GC invocations=16 (full 0):
 PSYoungGen      total 34304K, used 33872K [0x00000000faa80000, 0x00000000ff700000, 0x0000000100000000)
  eden space 33280K, 100% used [0x00000000faa80000,0x00000000fcb00000,0x00000000fcb00000)
  from space 1024K, 57% used [0x00000000fcb80000,0x00000000fcc14010,0x00000000fcc80000)
  to   space 22528K, 0% used [0x00000000fe100000,0x00000000fe100000,0x00000000ff700000)
 ParOldGen       total 83968K, used 52577K [0x00000000f0000000, 0x00000000f5200000, 0x00000000faa80000)
  object space 83968K, 62% used [0x00000000f0000000,0x00000000f3358598,0x00000000f5200000)
 PSPermGen       total 35328K, used 34889K [0x00000000eae00000, 0x00000000ed080000, 0x00000000f0000000)
  object space 35328K, 98% used [0x00000000eae00000,0x00000000ed012588,0x00000000ed080000)
Event: 1851.144 GC heap after
Heap after GC invocations=16 (full 0):
 PSYoungGen      total 52736K, used 512K [0x00000000faa80000, 0x00000000ff480000, 0x0000000100000000)
  eden space 32768K, 0% used [0x00000000faa80000,0x00000000faa80000,0x00000000fca80000)
  from space 19968K, 2% used [0x00000000fe100000,0x00000000fe180020,0x00000000ff480000)
  to   space 21504K, 0% used [0x00000000fca80000,0x00000000fca80000,0x00000000fdf80000)
 ParOldGen       total 83968K, used 52681K [0x00000000f0000000, 0x00000000f5200000, 0x00000000faa80000)
  object space 83968K, 62% used [0x00000000f0000000,0x00000000f33725c8,0x00000000f5200000)
 PSPermGen       total 35328K, used 34889K [0x00000000eae00000, 0x00000000ed080000, 0x00000000f0000000)
  object space 35328K, 98% used [0x00000000eae00000,0x00000000ed012588,0x00000000ed080000)
}
Event: 2212.673 GC heap before
{Heap before GC invocations=17 (full 0):
 PSYoungGen      total 52736K, used 33280K [0x00000000faa80000, 0x00000000ff480000, 0x0000000100000000)
  eden space 32768K, 100% used [0x00000000faa80000,0x00000000fca80000,0x00000000fca80000)
  from space 19968K, 2% used [0x00000000fe100000,0x00000000fe180020,0x00000000ff480000)
  to   space 21504K, 0% used [0x00000000fca80000,0x00000000fca80000,0x00000000fdf80000)
 ParOldGen       total 83968K, used 52681K [0x00000000f0000000, 0x00000000f5200000, 0x00000000faa80000)
  object space 83968K, 62% used [0x00000000f0000000,0x00000000f33725c8,0x00000000f5200000)
 PSPermGen       total 35328K, used 34894K [0x00000000eae00000, 0x00000000ed080000, 0x00000000f0000000)
  object space 35328K, 98% used [0x00000000eae00000,0x00000000ed013be0,0x00000000ed080000)
Event: 2212.676 GC heap after
Heap after GC invocations=17 (full 0):
 PSYoungGen      total 33280K, used 720K [0x00000000faa80000, 0x00000000ff300000, 0x0000000100000000)
  eden space 32256K, 0% used [0x00000000faa80000,0x00000000faa80000,0x00000000fca00000)
  from space 1024K, 70% used [0x00000000fca80000,0x00000000fcb34030,0x00000000fcb80000)
  to   space 20992K, 0% used [0x00000000fde80000,0x00000000fde80000,0x00000000ff300000)
 ParOldGen       total 83968K, used 52769K [0x00000000f0000000, 0x00000000f5200000, 0x00000000faa80000)
  object space 83968K, 62% used [0x00000000f0000000,0x00000000f3388608,0x00000000f5200000)
 PSPermGen       total 35328K, used 34894K [0x00000000eae00000, 0x00000000ed080000, 0x00000000f0000000)
  object space 35328K, 98% used [0x00000000eae00000,0x00000000ed013be0,0x00000000ed080000)
}
Event: 4150.189 GC heap before
{Heap before GC invocations=18 (full 0):
 PSYoungGen      total 33280K, used 32976K [0x00000000faa80000, 0x00000000ff300000, 0x0000000100000000)
  eden space 32256K, 100% used [0x00000000faa80000,0x00000000fca00000,0x00000000fca00000)
  from space 1024K, 70% used [0x00000000fca80000,0x00000000fcb34030,0x00000000fcb80000)
  to   space 20992K, 0% used [0x00000000fde80000,0x00000000fde80000,0x00000000ff300000)
 ParOldGen       total 83968K, used 52769K [0x00000000f0000000, 0x00000000f5200000, 0x00000000faa80000)
  object space 83968K, 62% used [0x00000000f0000000,0x00000000f3388608,0x00000000f5200000)
 PSPermGen       total 35328K, used 35046K [0x00000000eae00000, 0x00000000ed080000, 0x00000000f0000000)
  object space 35328K, 99% used [0x00000000eae00000,0x00000000ed039ac8,0x00000000ed080000)
Event: 4150.191 GC heap after
Heap after GC invocations=18 (full 0):
 PSYoungGen      total 50176K, used 685K [0x00000000faa80000, 0x00000000ff080000, 0x0000000100000000)
  eden space 31744K, 0% used [0x00000000faa80000,0x00000000faa80000,0x00000000fc980000)
  from space 18432K, 3% used [0x00000000fde80000,0x00000000fdf2b798,0x00000000ff080000)
  to   space 19968K, 0% used [0x00000000fc980000,0x00000000fc980000,0x00000000fdd00000)
 ParOldGen       total 83968K, used 52891K [0x00000000f0000000, 0x00000000f5200000, 0x00000000faa80000)
  object space 83968K, 62% used [0x00000000f0000000,0x00000000f33a6cd8,0x00000000f5200000)
 PSPermGen       total 35328K, used 35046K [0x00000000eae00000, 0x00000000ed080000, 0x00000000f0000000)
  object space 35328K, 99% used [0x00000000eae00000,0x00000000ed039ac8,0x00000000ed080000)
}

